This is pdfTeX, Version 3.14159265-2.6-1.40.17 (TeX Live 2016) (preloaded format=pdflatex 2016.9.19)  7 JAN 2017 20:53
entering extended mode
 restricted \write18 enabled.
 file:line:error style messages enabled.
 %&-line parsing enabled.
**KL-Projections.tex
(./KL-Projections.tex
LaTeX2e <2016/03/31>
Babel <3.9r> and hyphenation patterns for 83 language(s) loaded.
(./siamltex.cls
Document Class: siamltex 1996/10/11 v1.2 LaTeX document class
(/usr/local/texlive/2016/texmf-dist/tex/latex/base/leqno.clo
File: leqno.clo 2015/03/31 v1.1i Standard LaTeX option (left equation numbers)
) (./siam10.clo
File: siam10.clo 1994/10/01 v1.0 SIAM LaTeX file (size option)
)
\c@section=\count79
\c@subsection=\count80
\c@subsubsection=\count81
\c@paragraph=\count82
\c@subparagraph=\count83
\c@rmnum=\count84
\c@muni=\count85
\c@theorem=\count86
\c@figure=\count87
\c@table=\count88
\abovecaptionskip=\skip41
\belowcaptionskip=\skip42
\bibindent=\dimen102
)
(/usr/local/texlive/2016/texmf-dist/tex/latex/hyperref/hyperref.sty
Package: hyperref 2016/05/05 v6.83n Hypertext links for LaTeX

(/usr/local/texlive/2016/texmf-dist/tex/generic/oberdiek/hobsub-hyperref.sty
Package: hobsub-hyperref 2016/05/16 v1.14 Bundle oberdiek, subset hyperref (HO)


(/usr/local/texlive/2016/texmf-dist/tex/generic/oberdiek/hobsub-generic.sty
Package: hobsub-generic 2016/05/16 v1.14 Bundle oberdiek, subset generic (HO)
Package: hobsub 2016/05/16 v1.14 Construct package bundles (HO)
Package: infwarerr 2016/05/16 v1.4 Providing info/warning/error messages (HO)
Package: ltxcmds 2016/05/16 v1.23 LaTeX kernel commands for general use (HO)
Package: ifluatex 2016/05/16 v1.4 Provides the ifluatex switch (HO)
Package ifluatex Info: LuaTeX not detected.
Package: ifvtex 2016/05/16 v1.6 Detect VTeX and its facilities (HO)
Package ifvtex Info: VTeX not detected.
Package: intcalc 2016/05/16 v1.2 Expandable calculations with integers (HO)
Package: ifpdf 2016/05/14 v3.1 Provides the ifpdf switch
Package: etexcmds 2016/05/16 v1.6 Avoid name clashes with e-TeX commands (HO)
Package etexcmds Info: Could not find \expanded.
(etexcmds)             That can mean that you are not using pdfTeX 1.50 or
(etexcmds)             that some package has redefined \expanded.
(etexcmds)             In the latter case, load this package earlier.
Package: kvsetkeys 2016/05/16 v1.17 Key value parser (HO)
Package: kvdefinekeys 2016/05/16 v1.4 Define keys (HO)
Package: pdftexcmds 2016/05/10 v0.21 Utility functions of pdfTeX for LuaTeX (HO
)
Package pdftexcmds Info: LuaTeX not detected.
Package pdftexcmds Info: \pdf@primitive is available.
Package pdftexcmds Info: \pdf@ifprimitive is available.
Package pdftexcmds Info: \pdfdraftmode found.
Package: pdfescape 2016/05/16 v1.14 Implements pdfTeX's escape features (HO)
Package: bigintcalc 2016/05/16 v1.4 Expandable calculations on big integers (HO
)
Package: bitset 2016/05/16 v1.2 Handle bit-vector datatype (HO)
Package: uniquecounter 2016/05/16 v1.3 Provide unlimited unique counter (HO)
)
Package hobsub Info: Skipping package `hobsub' (already loaded).
Package: letltxmacro 2016/05/16 v1.5 Let assignment for LaTeX macros (HO)
Package: hopatch 2016/05/16 v1.3 Wrapper for package hooks (HO)
Package: xcolor-patch 2016/05/16 xcolor patch
Package: atveryend 2016/05/16 v1.9 Hooks at the very end of document (HO)
Package atveryend Info: \enddocument detected (standard20110627).
Package: atbegshi 2016/05/16 v1.17 At begin shipout hook (HO)
Package: refcount 2016/05/16 v3.5 Data extraction from label references (HO)
Package: hycolor 2016/05/16 v1.8 Color options for hyperref/bookmark (HO)
)
(/usr/local/texlive/2016/texmf-dist/tex/latex/graphics/keyval.sty
Package: keyval 2014/10/28 v1.15 key=value parser (DPC)
\KV@toks@=\toks14
)
(/usr/local/texlive/2016/texmf-dist/tex/generic/ifxetex/ifxetex.sty
Package: ifxetex 2010/09/12 v0.6 Provides ifxetex conditional
)
(/usr/local/texlive/2016/texmf-dist/tex/latex/oberdiek/auxhook.sty
Package: auxhook 2016/05/16 v1.4 Hooks for auxiliary files (HO)
)
(/usr/local/texlive/2016/texmf-dist/tex/latex/oberdiek/kvoptions.sty
Package: kvoptions 2016/05/16 v3.12 Key value format for package options (HO)
)
\@linkdim=\dimen103
\Hy@linkcounter=\count89
\Hy@pagecounter=\count90

(/usr/local/texlive/2016/texmf-dist/tex/latex/hyperref/pd1enc.def
File: pd1enc.def 2016/05/05 v6.83n Hyperref: PDFDocEncoding definition (HO)
)
\Hy@SavedSpaceFactor=\count91

(/usr/local/texlive/2016/texmf-dist/tex/latex/latexconfig/hyperref.cfg
File: hyperref.cfg 2002/06/06 v1.2 hyperref configuration of TeXLive
)
Package hyperref Info: Option `final' set `true' on input line 4322.
Package hyperref Info: Hyper figures OFF on input line 4446.
Package hyperref Info: Link nesting OFF on input line 4451.
Package hyperref Info: Hyper index ON on input line 4454.
Package hyperref Info: Plain pages OFF on input line 4461.
Package hyperref Info: Backreferencing OFF on input line 4466.
Package hyperref Info: Implicit mode ON; LaTeX internals redefined.
Package hyperref Info: Bookmarks ON on input line 4691.
\c@Hy@tempcnt=\count92

(/usr/local/texlive/2016/texmf-dist/tex/latex/url/url.sty
\Urlmuskip=\muskip10
Package: url 2013/09/16  ver 3.4  Verb mode for urls, etc.
)
LaTeX Info: Redefining \url on input line 5044.
\XeTeXLinkMargin=\dimen104
\Fld@menulength=\count93
\Field@Width=\dimen105
\Fld@charsize=\dimen106
Package hyperref Info: Hyper figures OFF on input line 6298.
Package hyperref Info: Link nesting OFF on input line 6303.
Package hyperref Info: Hyper index ON on input line 6306.
Package hyperref Info: backreferencing OFF on input line 6313.
Package hyperref Info: Link coloring OFF on input line 6318.
Package hyperref Info: Link coloring with OCG OFF on input line 6323.
Package hyperref Info: PDF/A mode OFF on input line 6328.
LaTeX Info: Redefining \ref on input line 6368.
LaTeX Info: Redefining \pageref on input line 6372.
\Hy@abspage=\count94
\c@Item=\count95
\c@Hfootnote=\count96
)

Package hyperref Message: Driver (autodetected): hpdftex.

(/usr/local/texlive/2016/texmf-dist/tex/latex/hyperref/hpdftex.def
File: hpdftex.def 2016/05/05 v6.83n Hyperref driver for pdfTeX
\Fld@listcount=\count97
\c@bookmark@seq@number=\count98

(/usr/local/texlive/2016/texmf-dist/tex/latex/oberdiek/rerunfilecheck.sty
Package: rerunfilecheck 2016/05/16 v1.8 Rerun checks for auxiliary files (HO)
Package uniquecounter Info: New unique counter `rerunfilecheck' on input line 2
82.
)
\Hy@SectionHShift=\skip43
)
(/usr/local/texlive/2016/texmf-dist/tex/latex/base/inputenc.sty
Package: inputenc 2015/03/17 v1.2c Input encoding file
\inpenc@prehook=\toks15
\inpenc@posthook=\toks16

(/usr/local/texlive/2016/texmf-dist/tex/latex/base/latin1.def
File: latin1.def 2015/03/17 v1.2c Input encoding file
)) (./mystyle.sty
(/usr/local/texlive/2016/texmf-dist/tex/latex/amsmath/amsmath.sty
Package: amsmath 2016/03/10 v2.15b AMS math features
\@mathmargin=\skip44

For additional information on amsmath, use the `?' option.
(/usr/local/texlive/2016/texmf-dist/tex/latex/amsmath/amstext.sty
Package: amstext 2000/06/29 v2.01 AMS text

(/usr/local/texlive/2016/texmf-dist/tex/latex/amsmath/amsgen.sty
File: amsgen.sty 1999/11/30 v2.0 generic functions
\@emptytoks=\toks17
\ex@=\dimen107
))
(/usr/local/texlive/2016/texmf-dist/tex/latex/amsmath/amsbsy.sty
Package: amsbsy 1999/11/29 v1.2d Bold Symbols
\pmbraise@=\dimen108
)
(/usr/local/texlive/2016/texmf-dist/tex/latex/amsmath/amsopn.sty
Package: amsopn 2016/03/08 v2.02 operator names
)
\inf@bad=\count99
LaTeX Info: Redefining \frac on input line 199.
\uproot@=\count100
\leftroot@=\count101
LaTeX Info: Redefining \overline on input line 297.
\classnum@=\count102
\DOTSCASE@=\count103
LaTeX Info: Redefining \ldots on input line 394.
LaTeX Info: Redefining \dots on input line 397.
LaTeX Info: Redefining \cdots on input line 518.
\Mathstrutbox@=\box26
\strutbox@=\box27
\big@size=\dimen109
LaTeX Font Info:    Redeclaring font encoding OML on input line 634.
LaTeX Font Info:    Redeclaring font encoding OMS on input line 635.
\macc@depth=\count104
\c@MaxMatrixCols=\count105
\dotsspace@=\muskip11
\c@parentequation=\count106
\dspbrk@lvl=\count107
\tag@help=\toks18
\row@=\count108
\column@=\count109
\maxfields@=\count110
\andhelp@=\toks19
\eqnshift@=\dimen110
\alignsep@=\dimen111
\tagshift@=\dimen112
\tagwidth@=\dimen113
\totwidth@=\dimen114
\lineht@=\dimen115
\@envbody=\toks20
\multlinegap=\skip45
\multlinetaggap=\skip46
\mathdisplay@stack=\toks21
LaTeX Info: Redefining \[ on input line 2739.
LaTeX Info: Redefining \] on input line 2740.
)
(/usr/local/texlive/2016/texmf-dist/tex/latex/amsfonts/amsfonts.sty
Package: amsfonts 2013/01/14 v3.01 Basic AMSFonts support
\symAMSa=\mathgroup4
\symAMSb=\mathgroup5
LaTeX Font Info:    Overwriting math alphabet `\mathfrak' in version `bold'
(Font)                  U/euf/m/n --> U/euf/b/n on input line 106.
)
(/usr/local/texlive/2016/texmf-dist/tex/latex/amsfonts/amssymb.sty
Package: amssymb 2013/01/14 v3.01 AMS font symbols
)
(/usr/local/texlive/2016/texmf-dist/tex/latex/graphics/graphicx.sty
Package: graphicx 2014/10/28 v1.0g Enhanced LaTeX Graphics (DPC,SPQR)

(/usr/local/texlive/2016/texmf-dist/tex/latex/graphics/graphics.sty
Package: graphics 2016/05/09 v1.0r Standard LaTeX Graphics (DPC,SPQR)

(/usr/local/texlive/2016/texmf-dist/tex/latex/graphics/trig.sty
Package: trig 2016/01/03 v1.10 sin cos tan (DPC)
)
(/usr/local/texlive/2016/texmf-dist/tex/latex/graphics-cfg/graphics.cfg
File: graphics.cfg 2016/01/02 v1.10 sample graphics configuration
)
Package graphics Info: Driver file: pdftex.def on input line 96.

(/usr/local/texlive/2016/texmf-dist/tex/latex/pdftex-def/pdftex.def
File: pdftex.def 2011/05/27 v0.06d Graphics/color for pdfTeX
\Gread@gobject=\count111
))
\Gin@req@height=\dimen116
\Gin@req@width=\dimen117
)
(/usr/local/texlive/2016/texmf-dist/tex/latex/tools/array.sty
Package: array 2014/10/28 v2.4c Tabular extension package (FMi)
\col@sep=\dimen118
\extrarowheight=\dimen119
\NC@list=\toks22
\extratabsurround=\skip47
\backup@length=\skip48
)
(/usr/local/texlive/2016/texmf-dist/tex/latex/tools/tabularx.sty
Package: tabularx 2016/02/03 v2.11 `tabularx' package (DPC)
\TX@col@width=\dimen120
\TX@old@table=\dimen121
\TX@old@col=\dimen122
\TX@target=\dimen123
\TX@delta=\dimen124
\TX@cols=\count112
\TX@ftn=\toks23
)
(/usr/local/texlive/2016/texmf-dist/tex/latex/tools/indentfirst.sty
Package: indentfirst 1995/11/23 v1.03 Indent first paragraph (DPC)
)
(/usr/local/texlive/2016/texmf-dist/tex/latex/tools/xspace.sty
Package: xspace 2014/10/28 v1.13 Space after command names (DPC,MH)
)
(/usr/local/texlive/2016/texmf-dist/tex/latex/xcolor/xcolor.sty
Package: xcolor 2016/05/11 v2.12 LaTeX color extensions (UK)

(/usr/local/texlive/2016/texmf-dist/tex/latex/graphics-cfg/color.cfg
File: color.cfg 2016/01/02 v1.6 sample color configuration
)
Package xcolor Info: Driver file: pdftex.def on input line 225.
Package xcolor Info: Model `cmy' substituted by `cmy0' on input line 1348.
Package xcolor Info: Model `hsb' substituted by `rgb' on input line 1352.
Package xcolor Info: Model `RGB' extended on input line 1364.
Package xcolor Info: Model `HTML' substituted by `rgb' on input line 1366.
Package xcolor Info: Model `Hsb' substituted by `hsb' on input line 1367.
Package xcolor Info: Model `tHsb' substituted by `hsb' on input line 1368.
Package xcolor Info: Model `HSB' substituted by `hsb' on input line 1369.
Package xcolor Info: Model `Gray' substituted by `gray' on input line 1370.
Package xcolor Info: Model `wave' substituted by `hsb' on input line 1371.
)
\c@thm=\count113
\c@prop=\count114

(/usr/local/texlive/2016/texmf-dist/tex/latex/float/float.sty
Package: float 2001/11/08 v1.3d Float enhancements (AL)
\c@float@type=\count115
\float@exts=\toks24
\float@box=\box28
\@float@everytoks=\toks25
\@floatcapt=\box29
)
\@float@every@listing=\toks26
\c@listing=\count116
\restsubwidth=\skip49
\restsubheight=\skip50
\restsubmoreheight=\skip51

(/usr/local/texlive/2016/texmf-dist/tex/latex/subfig/subfig.sty
Package: subfig 2005/06/28 ver: 1.3 subfig package

(/usr/local/texlive/2016/texmf-dist/tex/latex/caption/caption.sty
Package: caption 2016/02/21 v3.3-144 Customizing captions (AR)

(/usr/local/texlive/2016/texmf-dist/tex/latex/caption/caption3.sty
Package: caption3 2016/02/04 v1.7-139 caption3 kernel (AR)
Package caption3 Info: TeX engine: e-TeX on input line 67.
\captionmargin=\dimen125
\captionmargin@=\dimen126
\captionwidth=\dimen127
\caption@tempdima=\dimen128
\caption@indent=\dimen129
\caption@parindent=\dimen130
\caption@hangindent=\dimen131
Package caption Info: Unknown document class (or package),
(caption)             standard defaults will be used.
)

Package caption Warning: Unsupported document class (or package) detected,
(caption)                usage of the caption package is not recommended.
See the caption package documentation for explanation.

Package caption Info: \@makecaption = \long macro:#1#2->\footnotesize \setlengt
h {\parindent }{1.5pc} \ifx \@captype \@figtxt \vskip \abovecaptionskip \setbox
 \@tempboxa \hbox {{\normalfont \scshape #1}. {\normalfont \itshape #2}}\ifdim 
\wd \@tempboxa >\hsize {\normalfont \scshape #1}. {\normalfont \itshape #2}\par
 \else \global \@minipagefalse \hb@xt@ \hsize {\hfil \box \@tempboxa \hfil }\fi
 \else \hbox to\hsize {\hfil {\normalfont \scshape #1}\hfil }\setbox \@tempboxa
 \hbox {{\normalfont \itshape #2}}\ifdim \wd \@tempboxa >\hsize {\normalfont \i
tshape #2}\par \else \global \@minipagefalse \hb@xt@ \hsize {\hfil \box \@tempb
oxa \hfil }\fi \vskip \belowcaptionskip \fi .
\c@ContinuedFloat=\count117
Package caption Info: float package is loaded.
Package caption Info: hyperref package is loaded.
)
\c@KVtest=\count118
\sf@farskip=\skip52
\sf@captopadj=\dimen132
\sf@capskip=\skip53
\sf@nearskip=\skip54
\c@subfigure=\count119
\c@subfigure@save=\count120
\c@lofdepth=\count121
\c@subtable=\count122
\c@subtable@save=\count123
\c@lotdepth=\count124
\sf@top=\skip55
\sf@bottom=\skip56
) (/usr/local/texlive/2016/texmf-dist/tex/latex/natbib/natbib.sty
Package: natbib 2010/09/13 8.31b (PWD, AO)
\bibhang=\skip57
\bibsep=\skip58
LaTeX Info: Redefining \cite on input line 694.
\c@NAT@ctr=\count125
)
(/usr/local/texlive/2016/texmf-dist/tex/latex/multirow/multirow.sty
\bigstrutjot=\dimen133
))
(/usr/local/texlive/2016/texmf-dist/tex/latex/doublestroke/dsfont.sty
Package: dsfont 1995/08/01 v0.1 Double stroke roman fonts
)

Package hyperref Warning: Option `bookmarks' has already been used,
(hyperref)                setting the option has no effect on input line 29.


Package hyperref Warning: Option `backref' has already been used,
(hyperref)                setting the option has no effect on input line 29.


Package hyperref Warning: Option `pagebackref' has already been used,
(hyperref)                setting the option has no effect on input line 29.

Package hyperref Info: Option `colorlinks' set `true' on input line 29.
(./KL-Projections.aux)
\openout1 = `KL-Projections.aux'.

LaTeX Font Info:    Checking defaults for OML/cmm/m/it on input line 51.
LaTeX Font Info:    ... okay on input line 51.
LaTeX Font Info:    Checking defaults for T1/cmr/m/n on input line 51.
LaTeX Font Info:    ... okay on input line 51.
LaTeX Font Info:    Checking defaults for OT1/cmr/m/n on input line 51.
LaTeX Font Info:    ... okay on input line 51.
LaTeX Font Info:    Checking defaults for OMS/cmsy/m/n on input line 51.
LaTeX Font Info:    ... okay on input line 51.
LaTeX Font Info:    Checking defaults for OMX/cmex/m/n on input line 51.
LaTeX Font Info:    ... okay on input line 51.
LaTeX Font Info:    Checking defaults for U/cmr/m/n on input line 51.
LaTeX Font Info:    ... okay on input line 51.
LaTeX Font Info:    Checking defaults for PD1/pdf/m/n on input line 51.
LaTeX Font Info:    ... okay on input line 51.
\AtBeginShipoutBox=\box30
Package hyperref Info: Link coloring ON on input line 51.

(/usr/local/texlive/2016/texmf-dist/tex/latex/hyperref/nameref.sty
Package: nameref 2012/10/27 v2.43 Cross-referencing by name of section

(/usr/local/texlive/2016/texmf-dist/tex/generic/oberdiek/gettitlestring.sty
Package: gettitlestring 2016/05/16 v1.5 Cleanup title references (HO)
)
\c@section@level=\count126
)
LaTeX Info: Redefining \ref on input line 51.
LaTeX Info: Redefining \pageref on input line 51.
LaTeX Info: Redefining \nameref on input line 51.

(./KL-Projections.out) (./KL-Projections.out)
\@outlinefile=\write3
\openout3 = `KL-Projections.out'.


(/usr/local/texlive/2016/texmf-dist/tex/context/base/mkii/supp-pdf.mkii
[Loading MPS to PDF converter (version 2006.09.02).]
\scratchcounter=\count127
\scratchdimen=\dimen134
\scratchbox=\box31
\nofMPsegments=\count128
\nofMParguments=\count129
\everyMPshowfont=\toks27
\MPscratchCnt=\count130
\MPscratchDim=\dimen135
\MPnumerator=\count131
\makeMPintoPDFobject=\count132
\everyMPtoPDFconversion=\toks28
) (/usr/local/texlive/2016/texmf-dist/tex/latex/oberdiek/epstopdf-base.sty
Package: epstopdf-base 2016/05/15 v2.6 Base part for package epstopdf

(/usr/local/texlive/2016/texmf-dist/tex/latex/oberdiek/grfext.sty
Package: grfext 2016/05/16 v1.2 Manage graphics extensions (HO)
)
Package grfext Info: Graphics extension search list:
(grfext)             [.png,.pdf,.jpg,.mps,.jpeg,.jbig2,.jb2,.PNG,.PDF,.JPG,.JPE
G,.JBIG2,.JB2,.eps]
(grfext)             \AppendGraphicsExtensions on input line 456.

(/usr/local/texlive/2016/texmf-dist/tex/latex/latexconfig/epstopdf-sys.cfg
File: epstopdf-sys.cfg 2010/07/13 v1.3 Configuration of (r)epstopdf for TeX Liv
e
))
Package caption Info: Begin \AtBeginDocument code.
Package caption Info: subfig package v1.3 is loaded.
Package caption Info: End \AtBeginDocument code.
LaTeX Font Info:    Try loading font information for U+msa on input line 54.

(/usr/local/texlive/2016/texmf-dist/tex/latex/amsfonts/umsa.fd
File: umsa.fd 2013/01/14 v3.01 AMS symbols A
)
LaTeX Font Info:    Try loading font information for U+msb on input line 54.

(/usr/local/texlive/2016/texmf-dist/tex/latex/amsfonts/umsb.fd
File: umsb.fd 2013/01/14 v3.01 AMS symbols B
)
(./sections/sec-abstract.tex) (./sections/sec-intro.tex [1

{/usr/local/texlive/2016/texmf-var/fonts/map/pdftex/updmap/pdftex.map}] [2]
Underfull \vbox (badness 3058) has occurred while \output is active []

 [3]
LaTeX Font Info:    Try loading font information for U+dsrom on input line 107.


(/usr/local/texlive/2016/texmf-dist/tex/latex/doublestroke/Udsrom.fd
File: Udsrom.fd 1995/08/01 v0.1 Double stroke roman font definitions
) [4]

LaTeX Font Warning: Command \tiny invalid in math mode on input line 135.

) (./sections/sec-dikstra-algo.tex

LaTeX Font Warning: Command \tiny invalid in math mode on input line 34.


LaTeX Font Warning: Command \tiny invalid in math mode on input line 38.


LaTeX Font Warning: Command \tiny invalid in math mode on input line 59.


LaTeX Font Warning: Command \tiny invalid in math mode on input line 66.

) (./sections/sec-entropic.tex [5]

LaTeX Font Warning: Command \tiny invalid in math mode on input line 49.


LaTeX Font Warning: Command \tiny invalid in math mode on input line 49.

[6]
<./figures/transport/regularization/mixtures.pdf, id=237, 455.03288pt x 156.699
23pt>
File: ./figures/transport/regularization/mixtures.pdf Graphic file (type pdf)
 <use ./figures/transport/regularization/mixtures.pdf>
Package pdftex.def Info: ./figures/transport/regularization/mixtures.pdf used o
n input line 74.
(pdftex.def)             Requested size: 185.19186pt x 63.77367pt.

<./figures/transport/iteration/iteration-1.png, id=238, 256.96pt x 256.96pt>
File: ./figures/transport/iteration/iteration-1.png Graphic file (type png)

<use ./figures/transport/iteration/iteration-1.png>
Package pdftex.def Info: ./figures/transport/iteration/iteration-1.png used on 
input line 79.
(pdftex.def)             Requested size: 57.40903pt x 57.40573pt.

<./figures/transport/iteration/iteration-4.png, id=239, 256.96pt x 256.96pt>
File: ./figures/transport/iteration/iteration-4.png Graphic file (type png)

<use ./figures/transport/iteration/iteration-4.png>
Package pdftex.def Info: ./figures/transport/iteration/iteration-4.png used on 
input line 80.
(pdftex.def)             Requested size: 57.40903pt x 57.40573pt.

<./figures/transport/iteration/iteration-10.png, id=240, 256.96pt x 256.96pt>
File: ./figures/transport/iteration/iteration-10.png Graphic file (type png)

<use ./figures/transport/iteration/iteration-10.png>
Package pdftex.def Info: ./figures/transport/iteration/iteration-10.png used on
 input line 81.
(pdftex.def)             Requested size: 57.40903pt x 57.40573pt.

<./figures/transport/iteration/iteration-40.png, id=241, 256.96pt x 256.96pt>
File: ./figures/transport/iteration/iteration-40.png Graphic file (type png)

<use ./figures/transport/iteration/iteration-40.png>
Package pdftex.def Info: ./figures/transport/iteration/iteration-40.png used on
 input line 82.
(pdftex.def)             Requested size: 57.40903pt x 57.40573pt.

<./figures/transport/iteration/iteration-100.png, id=242, 256.96pt x 256.96pt>
File: ./figures/transport/iteration/iteration-100.png Graphic file (type png)

<use ./figures/transport/iteration/iteration-100.png>
Package pdftex.def Info: ./figures/transport/iteration/iteration-100.png used o
n input line 83.
(pdftex.def)             Requested size: 57.40903pt x 57.40573pt.

<./figures/transport/iteration/iteration-1000.png, id=243, 256.96pt x 256.96pt>
File: ./figures/transport/iteration/iteration-1000.png Graphic file (type png)
<use ./figures/transport/iteration/iteration-1000.png>
Package pdftex.def Info: ./figures/transport/iteration/iteration-1000.png used 
on input line 84.
(pdftex.def)             Requested size: 57.40903pt x 57.40573pt.

<./figures/transport/regularization/regularization-4.png, id=244, 256.96pt x 25
6.96pt>
File: ./figures/transport/regularization/regularization-4.png Graphic file (typ
e png)
 <use ./figures/transport/regularization/regularization-4.png>
Package pdftex.def Info: ./figures/transport/regularization/regularization-4.pn
g used on input line 87.
(pdftex.def)             Requested size: 57.40903pt x 57.40573pt.

<./figures/transport/regularization/regularization-6.png, id=245, 256.96pt x 25
6.96pt>
File: ./figures/transport/regularization/regularization-6.png Graphic file (typ
e png)
 <use ./figures/transport/regularization/regularization-6.png>
Package pdftex.def Info: ./figures/transport/regularization/regularization-6.pn
g used on input line 88.
(pdftex.def)             Requested size: 57.40903pt x 57.40573pt.

<./figures/transport/regularization/regularization-10.png, id=246, 256.96pt x 2
56.96pt>
File: ./figures/transport/regularization/regularization-10.png Graphic file (ty
pe png)
 <use ./figures/transport/regularization/regularization-10.png>
Package pdftex.def Info: ./figures/transport/regularization/regularization-10.p
ng used on input line 89.
(pdftex.def)             Requested size: 57.40903pt x 57.40573pt.

<./figures/transport/regularization/regularization-20.png, id=247, 256.96pt x 2
56.96pt>
File: ./figures/transport/regularization/regularization-20.png Graphic file (ty
pe png)
 <use ./figures/transport/regularization/regularization-20.png>
Package pdftex.def Info: ./figures/transport/regularization/regularization-20.p
ng used on input line 90.
(pdftex.def)             Requested size: 57.40903pt x 57.40573pt.

<./figures/transport/regularization/regularization-40.png, id=248, 256.96pt x 2
56.96pt>
File: ./figures/transport/regularization/regularization-40.png Graphic file (ty
pe png)
 <use ./figures/transport/regularization/regularization-40.png>
Package pdftex.def Info: ./figures/transport/regularization/regularization-40.p
ng used on input line 91.
(pdftex.def)             Requested size: 57.40903pt x 57.40573pt.

<./figures/transport/regularization/regularization-60.png, id=249, 256.96pt x 2
56.96pt>
File: ./figures/transport/regularization/regularization-60.png Graphic file (ty
pe png)
 <use ./figures/transport/regularization/regularization-60.png>
Package pdftex.def Info: ./figures/transport/regularization/regularization-60.p
ng used on input line 92.
(pdftex.def)             Requested size: 57.40903pt x 57.40573pt.
)
(./sections/sec-barycenters.tex [7 <./figures/transport/regularization/mixtures
.pdf> <./figures/transport/iteration/iteration-1.png (PNG copy)> <./figures/tra
nsport/iteration/iteration-4.png (PNG copy)> <./figures/transport/iteration/ite
ration-10.png (PNG copy)> <./figures/transport/iteration/iteration-40.png (PNG 
copy)> <./figures/transport/iteration/iteration-100.png (PNG copy)> <./figures/
transport/iteration/iteration-1000.png (PNG copy)> <./figures/transport/regular
ization/regularization-4.png (PNG copy)> <./figures/transport/regularization/re
gularization-6.png (PNG copy)> <./figures/transport/regularization/regularizati
on-10.png (PNG copy)> <./figures/transport/regularization/regularization-20.png
 (PNG copy)> <./figures/transport/regularization/regularization-40.png (PNG cop
y)> <./figures/transport/regularization/regularization-60.png (PNG copy)>]

LaTeX Font Warning: Command \tiny invalid in math mode on input line 44.


LaTeX Font Warning: Command \tiny invalid in math mode on input line 56.

[8] <./figures/barycenters/shapes.jpg, id=288, 584.1825pt x 537.00626pt>
File: ./figures/barycenters/shapes.jpg Graphic file (type jpg)

<use ./figures/barycenters/shapes.jpg>
Package pdftex.def Info: ./figures/barycenters/shapes.jpg used on input line 11
0.
(pdftex.def)             Requested size: 259.26749pt x 238.34018pt.


LaTeX Warning: `!h' float specifier changed to `!ht'.

Package epstopdf Info: Source file: <./figures/barycenters/input_measures.eps>
(epstopdf)                    date: 2015-02-20 11:38:35
(epstopdf)                    size: 23658043 bytes
(epstopdf)             Output file: <./figures/barycenters/input_measures-eps-c
onverted-to.pdf>
(epstopdf)                    date: 2015-02-20 12:31:41
(epstopdf)                    size: 295689 bytes
(epstopdf)             Command: <repstopdf --outfile=./figures/barycenters/inpu
t_measures-eps-converted-to.pdf ./figures/barycenters/input_measures.eps>
(epstopdf)             \includegraphics on input line 122.
Package epstopdf Info: Output file is already uptodate.

<./figures/barycenters/input_measures-eps-converted-to.pdf, id=292, 1397.22pt x
 652.4375pt>
File: ./figures/barycenters/input_measures-eps-converted-to.pdf Graphic file (t
ype pdf)
 <use ./figures/barycenters/input_measures-eps-converted-to.pdf>
Package pdftex.def Info: ./figures/barycenters/input_measures-eps-converted-to.
pdf used on input line 122.
(pdftex.def)             Requested size: 370.38374pt x 172.95483pt.


LaTeX Warning: `!h' float specifier changed to `!ht'.

LaTeX Font Info:    Try loading font information for OMS+cmr on input line 131.

(/usr/local/texlive/2016/texmf-dist/tex/latex/base/omscmr.fd
File: omscmr.fd 2014/09/29 v2.5h Standard LaTeX font definitions
)
LaTeX Font Info:    Font shape `OMS/cmr/m/n' in size <10> not available
(Font)              Font shape `OMS/cmsy/m/n' tried instead on input line 131.
 [9]
Underfull \vbox (badness 10000) has occurred while \output is active []

 [10 <./figures/barycenters/shapes.jpg> <./figures/barycenters/input_measures-e
ps-converted-to.pdf>]
Package epstopdf Info: Source file: <./figures/barycenters/bregvsrest4.eps>
(epstopdf)                    date: 2015-02-21 22:58:52
(epstopdf)                    size: 191220 bytes
(epstopdf)             Output file: <./figures/barycenters/bregvsrest4-eps-conv
erted-to.pdf>
(epstopdf)                    date: 2015-02-21 22:59:01
(epstopdf)                    size: 19426 bytes
(epstopdf)             Command: <repstopdf --outfile=./figures/barycenters/breg
vsrest4-eps-converted-to.pdf ./figures/barycenters/bregvsrest4.eps>
(epstopdf)             \includegraphics on input line 136.
Package epstopdf Info: Output file is already uptodate.

<./figures/barycenters/bregvsrest4-eps-converted-to.pdf, id=333, 908.39375pt x 
668.4975pt>
File: ./figures/barycenters/bregvsrest4-eps-converted-to.pdf Graphic file (type
 pdf)
 <use ./figures/barycenters/bregvsrest4-eps-converted-to.pdf>
Package pdftex.def Info: ./figures/barycenters/bregvsrest4-eps-converted-to.pdf
 used on input line 136.
(pdftex.def)             Requested size: 370.38374pt x 272.56589pt.

Underfull \vbox (badness 10000) has occurred while \output is active []

 [11 <./figures/barycenters/bregvsrest4-eps-converted-to.pdf>]
Package epstopdf Info: Source file: <./figures/barycenters/barycenters.eps>
(epstopdf)                    date: 2015-02-20 12:10:23
(epstopdf)                    size: 17076319 bytes
(epstopdf)             Output file: <./figures/barycenters/barycenters-eps-conv
erted-to.pdf>
(epstopdf)                    date: 2015-02-20 12:32:06
(epstopdf)                    size: 285681 bytes
(epstopdf)             Command: <repstopdf --outfile=./figures/barycenters/bary
centers-eps-converted-to.pdf ./figures/barycenters/barycenters.eps>
(epstopdf)             \includegraphics on input line 147.
Package epstopdf Info: Output file is already uptodate.

<./figures/barycenters/barycenters-eps-converted-to.pdf, id=367, 1273.75874pt x
 516.93124pt>
File: ./figures/barycenters/barycenters-eps-converted-to.pdf Graphic file (type
 pdf)
 <use ./figures/barycenters/barycenters-eps-converted-to.pdf>
Package pdftex.def Info: ./figures/barycenters/barycenters-eps-converted-to.pdf
 used on input line 147.
(pdftex.def)             Requested size: 370.38374pt x 150.30849pt.
)
(./sections/sec-radon.tex [12 <./figures/barycenters/barycenters-eps-converted-
to.pdf>] [13]

LaTeX Font Warning: Command \tiny invalid in math mode on input line 114.

[14] <./figures/radon/original.png, id=429, 60.225pt x 60.225pt>
File: ./figures/radon/original.png Graphic file (type png)

<use ./figures/radon/original.png>
Package pdftex.def Info: ./figures/radon/original.png used on input line 172.
(pdftex.def)             Requested size: 88.89412pt x 88.90276pt.

<./figures/radon/template.png, id=430, 60.225pt x 60.225pt>
File: ./figures/radon/template.png Graphic file (type png)

<use ./figures/radon/template.png>
Package pdftex.def Info: ./figures/radon/template.png used on input line 173.
(pdftex.def)             Requested size: 88.89412pt x 88.90276pt.

<./figures/radon/recovered-Q12-L2.png, id=431, 60.225pt x 60.225pt>
File: ./figures/radon/recovered-Q12-L2.png Graphic file (type png)

<use ./figures/radon/recovered-Q12-L2.png>
Package pdftex.def Info: ./figures/radon/recovered-Q12-L2.png used on input lin
e 174.
(pdftex.def)             Requested size: 88.89412pt x 88.90276pt.

<./figures/radon/recovered-Q12-W2-lambda01.png, id=432, 80.3pt x 80.3pt>
File: ./figures/radon/recovered-Q12-W2-lambda01.png Graphic file (type png)

<use ./figures/radon/recovered-Q12-W2-lambda01.png>
Package pdftex.def Info: ./figures/radon/recovered-Q12-W2-lambda01.png used on 
input line 178.
(pdftex.def)             Requested size: 88.89412pt x 88.89633pt.

<./figures/radon/recovered-Q12-W2-lambda1.png, id=433, 100.375pt x 100.375pt>
File: ./figures/radon/recovered-Q12-W2-lambda1.png Graphic file (type png)

<use ./figures/radon/recovered-Q12-W2-lambda1.png>
Package pdftex.def Info: ./figures/radon/recovered-Q12-W2-lambda1.png used on i
nput line 179.
(pdftex.def)             Requested size: 88.89412pt x 88.90001pt.

<./figures/radon/recovered-Q12-W2-lambda10.png, id=434, 60.225pt x 60.225pt>
File: ./figures/radon/recovered-Q12-W2-lambda10.png Graphic file (type png)

<use ./figures/radon/recovered-Q12-W2-lambda10.png>
Package pdftex.def Info: ./figures/radon/recovered-Q12-W2-lambda10.png used on 
input line 180.
(pdftex.def)             Requested size: 88.89412pt x 88.90276pt.

<./figures/radon/recovered-Q12-W2-lambda100.png, id=435, 80.3pt x 80.3pt>
File: ./figures/radon/recovered-Q12-W2-lambda100.png Graphic file (type png)

<use ./figures/radon/recovered-Q12-W2-lambda100.png>
Package pdftex.def Info: ./figures/radon/recovered-Q12-W2-lambda100.png used on
 input line 181.
(pdftex.def)             Requested size: 88.89412pt x 88.89633pt.
Package epstopdf Info: Source file: <./figures/radon/marginals/marginal-1.eps>
(epstopdf)                    date: 2014-12-14 14:00:21
(epstopdf)                    size: 12086 bytes
(epstopdf)             Output file: <./figures/radon/marginals/marginal-1-eps-c
onverted-to.pdf>
(epstopdf)                    date: 2014-12-14 14:02:48
(epstopdf)                    size: 3489 bytes
(epstopdf)             Command: <repstopdf --outfile=./figures/radon/marginals/
marginal-1-eps-converted-to.pdf ./figures/radon/marginals/marginal-1.eps>
(epstopdf)             \includegraphics on input line 185.
Package epstopdf Info: Output file is already uptodate.

<./figures/radon/marginals/marginal-1-eps-converted-to.pdf, id=436, 448.67625pt
 x 149.55875pt>
File: ./figures/radon/marginals/marginal-1-eps-converted-to.pdf Graphic file (t
ype pdf)

<use ./figures/radon/marginals/marginal-1-eps-converted-to.pdf>
Package pdftex.def Info: ./figures/radon/marginals/marginal-1-eps-converted-to.
pdf used on input line 185.
(pdftex.def)             Requested size: 177.78261pt x 59.26105pt.
Package epstopdf Info: Source file: <./figures/radon/marginals/marginal-3.eps>
(epstopdf)                    date: 2014-12-14 14:00:22
(epstopdf)                    size: 12083 bytes
(epstopdf)             Output file: <./figures/radon/marginals/marginal-3-eps-c
onverted-to.pdf>
(epstopdf)                    date: 2014-12-14 14:04:16
(epstopdf)                    size: 3360 bytes
(epstopdf)             Command: <repstopdf --outfile=./figures/radon/marginals/
marginal-3-eps-converted-to.pdf ./figures/radon/marginals/marginal-3.eps>
(epstopdf)             \includegraphics on input line 186.
Package epstopdf Info: Output file is already uptodate.

<./figures/radon/marginals/marginal-3-eps-converted-to.pdf, id=437, 448.67625pt
 x 149.55875pt>
File: ./figures/radon/marginals/marginal-3-eps-converted-to.pdf Graphic file (t
ype pdf)

<use ./figures/radon/marginals/marginal-3-eps-converted-to.pdf>
Package pdftex.def Info: ./figures/radon/marginals/marginal-3-eps-converted-to.
pdf used on input line 186.
(pdftex.def)             Requested size: 177.78261pt x 59.26105pt.
Package epstopdf Info: Source file: <./figures/radon/marginals/marginal-5.eps>
(epstopdf)                    date: 2014-12-14 14:00:23
(epstopdf)                    size: 12089 bytes
(epstopdf)             Output file: <./figures/radon/marginals/marginal-5-eps-c
onverted-to.pdf>
(epstopdf)                    date: 2014-12-14 14:03:23
(epstopdf)                    size: 3491 bytes
(epstopdf)             Command: <repstopdf --outfile=./figures/radon/marginals/
marginal-5-eps-converted-to.pdf ./figures/radon/marginals/marginal-5.eps>
(epstopdf)             \includegraphics on input line 188.
Package epstopdf Info: Output file is already uptodate.

<./figures/radon/marginals/marginal-5-eps-converted-to.pdf, id=438, 448.67625pt
 x 149.55875pt>
File: ./figures/radon/marginals/marginal-5-eps-converted-to.pdf Graphic file (t
ype pdf)

<use ./figures/radon/marginals/marginal-5-eps-converted-to.pdf>
Package pdftex.def Info: ./figures/radon/marginals/marginal-5-eps-converted-to.
pdf used on input line 188.
(pdftex.def)             Requested size: 177.78261pt x 59.26105pt.
Package epstopdf Info: Source file: <./figures/radon/marginals/marginal-7.eps>
(epstopdf)                    date: 2014-12-14 14:00:23
(epstopdf)                    size: 12086 bytes
(epstopdf)             Output file: <./figures/radon/marginals/marginal-7-eps-c
onverted-to.pdf>
(epstopdf)                    date: 2014-12-14 14:02:50
(epstopdf)                    size: 3509 bytes
(epstopdf)             Command: <repstopdf --outfile=./figures/radon/marginals/
marginal-7-eps-converted-to.pdf ./figures/radon/marginals/marginal-7.eps>
(epstopdf)             \includegraphics on input line 189.
Package epstopdf Info: Output file is already uptodate.

<./figures/radon/marginals/marginal-7-eps-converted-to.pdf, id=439, 448.67625pt
 x 149.55875pt>
File: ./figures/radon/marginals/marginal-7-eps-converted-to.pdf Graphic file (t
ype pdf)

<use ./figures/radon/marginals/marginal-7-eps-converted-to.pdf>
Package pdftex.def Info: ./figures/radon/marginals/marginal-7-eps-converted-to.
pdf used on input line 189.
(pdftex.def)             Requested size: 177.78261pt x 59.26105pt.


LaTeX Warning: `!h' float specifier changed to `!ht'.

) (./sections/sec-multimarginal.tex [15]

LaTeX Font Warning: Command \tiny invalid in math mode on input line 55.

[16 <./figures/radon/original.png (PNG copy)> <./figures/radon/template.png (PN
G copy)> <./figures/radon/recovered-Q12-L2.png (PNG copy)> <./figures/radon/rec
overed-Q12-W2-lambda01.png (PNG copy)> <./figures/radon/recovered-Q12-W2-lambda
1.png (PNG copy)> <./figures/radon/recovered-Q12-W2-lambda10.png (PNG copy)> <.
/figures/radon/recovered-Q12-W2-lambda100.png (PNG copy)> <./figures/radon/marg
inals/marginal-1-eps-converted-to.pdf> <./figures/radon/marginals/marginal-3-ep
s-converted-to.pdf> <./figures/radon/marginals/marginal-5-eps-converted-to.pdf>
 <./figures/radon/marginals/marginal-7-eps-converted-to.pdf>]
Overfull \hbox (8.2818pt too wide) in paragraph at lines 70--71
 \OT1/cmr/bx/n/10 4.2. Multi-marginal Barycen-ters.[] \OT1/cmr/m/n/10 As shown 
in [[]], the com-pu-ta-tion of barycen-
 []

<./figures/multimarginal/barMultimarginal.png, id=483, 200.75pt x 200.75pt>
File: ./figures/multimarginal/barMultimarginal.png Graphic file (type png)

<use ./figures/multimarginal/barMultimarginal.png>
Package pdftex.def Info: ./figures/multimarginal/barMultimarginal.png used on i
nput line 97.
(pdftex.def)             Requested size: 166.67154pt x 166.6837pt.
 [17] [18 <./figures/multimarginal/barMultimarginal.png (PNG copy)>] [19]
<./figures/multimarginal/EulerT1/EulerT1timeStep1.png, id=532, 200.75pt x 200.7
5pt>
File: ./figures/multimarginal/EulerT1/EulerT1timeStep1.png Graphic file (type p
ng)
 <use ./figures/multimarginal/EulerT1/EulerT1timeStep1.png>
Package pdftex.def Info: ./figures/multimarginal/EulerT1/EulerT1timeStep1.png u
sed on input line 252.
(pdftex.def)             Requested size: 70.37381pt x 70.37381pt.

<./figures/multimarginal/EulerT1/EulerT1timeStep2.png, id=533, 200.75pt x 200.7
5pt>
File: ./figures/multimarginal/EulerT1/EulerT1timeStep2.png Graphic file (type p
ng)
 <use ./figures/multimarginal/EulerT1/EulerT1timeStep2.png>
Package pdftex.def Info: ./figures/multimarginal/EulerT1/EulerT1timeStep2.png u
sed on input line 252.
(pdftex.def)             Requested size: 70.37381pt x 70.37381pt.

<./figures/multimarginal/EulerT1/EulerT1timeStep3.png, id=534, 200.75pt x 200.7
5pt>
File: ./figures/multimarginal/EulerT1/EulerT1timeStep3.png Graphic file (type p
ng)
 <use ./figures/multimarginal/EulerT1/EulerT1timeStep3.png>
Package pdftex.def Info: ./figures/multimarginal/EulerT1/EulerT1timeStep3.png u
sed on input line 252.
(pdftex.def)             Requested size: 70.37381pt x 70.37381pt.

<./figures/multimarginal/EulerT1/EulerT1timeStep4.png, id=535, 200.75pt x 200.7
5pt>
File: ./figures/multimarginal/EulerT1/EulerT1timeStep4.png Graphic file (type p
ng)
 <use ./figures/multimarginal/EulerT1/EulerT1timeStep4.png>
Package pdftex.def Info: ./figures/multimarginal/EulerT1/EulerT1timeStep4.png u
sed on input line 252.
(pdftex.def)             Requested size: 70.37381pt x 70.37381pt.

<./figures/multimarginal/EulerT1/EulerT1timeStep5.png, id=536, 200.75pt x 200.7
5pt>
File: ./figures/multimarginal/EulerT1/EulerT1timeStep5.png Graphic file (type p
ng)
 <use ./figures/multimarginal/EulerT1/EulerT1timeStep5.png>
Package pdftex.def Info: ./figures/multimarginal/EulerT1/EulerT1timeStep5.png u
sed on input line 252.
(pdftex.def)             Requested size: 70.37381pt x 70.37381pt.

<./figures/multimarginal/EulerT1/EulerT1timeStep6.png, id=537, 200.75pt x 200.7
5pt>
File: ./figures/multimarginal/EulerT1/EulerT1timeStep6.png Graphic file (type p
ng)
 <use ./figures/multimarginal/EulerT1/EulerT1timeStep6.png>
Package pdftex.def Info: ./figures/multimarginal/EulerT1/EulerT1timeStep6.png u
sed on input line 259.
(pdftex.def)             Requested size: 70.37381pt x 70.37381pt.

<./figures/multimarginal/EulerT1/EulerT1timeStep7.png, id=538, 200.75pt x 200.7
5pt>
File: ./figures/multimarginal/EulerT1/EulerT1timeStep7.png Graphic file (type p
ng)
 <use ./figures/multimarginal/EulerT1/EulerT1timeStep7.png>
Package pdftex.def Info: ./figures/multimarginal/EulerT1/EulerT1timeStep7.png u
sed on input line 259.
(pdftex.def)             Requested size: 70.37381pt x 70.37381pt.

<./figures/multimarginal/EulerT1/EulerT1timeStep8.png, id=539, 200.75pt x 200.7
5pt>
File: ./figures/multimarginal/EulerT1/EulerT1timeStep8.png Graphic file (type p
ng)
 <use ./figures/multimarginal/EulerT1/EulerT1timeStep8.png>
Package pdftex.def Info: ./figures/multimarginal/EulerT1/EulerT1timeStep8.png u
sed on input line 259.
(pdftex.def)             Requested size: 70.37381pt x 70.37381pt.

<./figures/multimarginal/EulerT1/EulerT1timeStep9.png, id=540, 200.75pt x 200.7
5pt>
File: ./figures/multimarginal/EulerT1/EulerT1timeStep9.png Graphic file (type p
ng)
 <use ./figures/multimarginal/EulerT1/EulerT1timeStep9.png>
Package pdftex.def Info: ./figures/multimarginal/EulerT1/EulerT1timeStep9.png u
sed on input line 259.
(pdftex.def)             Requested size: 70.37381pt x 70.37381pt.

<./figures/multimarginal/EulerT2/EulerT2timeStep1.png, id=541, 200.75pt x 200.7
5pt>
File: ./figures/multimarginal/EulerT2/EulerT2timeStep1.png Graphic file (type p
ng)
 <use ./figures/multimarginal/EulerT2/EulerT2timeStep1.png>
Package pdftex.def Info: ./figures/multimarginal/EulerT2/EulerT2timeStep1.png u
sed on input line 276.
(pdftex.def)             Requested size: 70.37381pt x 70.37381pt.

<./figures/multimarginal/EulerT2/EulerT2timeStep2.png, id=542, 200.75pt x 200.7
5pt>
File: ./figures/multimarginal/EulerT2/EulerT2timeStep2.png Graphic file (type p
ng)
 <use ./figures/multimarginal/EulerT2/EulerT2timeStep2.png>
Package pdftex.def Info: ./figures/multimarginal/EulerT2/EulerT2timeStep2.png u
sed on input line 276.
(pdftex.def)             Requested size: 70.37381pt x 70.37381pt.

<./figures/multimarginal/EulerT2/EulerT2timeStep3.png, id=543, 200.75pt x 200.7
5pt>
File: ./figures/multimarginal/EulerT2/EulerT2timeStep3.png Graphic file (type p
ng)
 <use ./figures/multimarginal/EulerT2/EulerT2timeStep3.png>
Package pdftex.def Info: ./figures/multimarginal/EulerT2/EulerT2timeStep3.png u
sed on input line 276.
(pdftex.def)             Requested size: 70.37381pt x 70.37381pt.

<./figures/multimarginal/EulerT2/EulerT2timeStep4.png, id=544, 200.75pt x 200.7
5pt>
File: ./figures/multimarginal/EulerT2/EulerT2timeStep4.png Graphic file (type p
ng)
 <use ./figures/multimarginal/EulerT2/EulerT2timeStep4.png>
Package pdftex.def Info: ./figures/multimarginal/EulerT2/EulerT2timeStep4.png u
sed on input line 276.
(pdftex.def)             Requested size: 70.37381pt x 70.37381pt.

<./figures/multimarginal/EulerT2/EulerT2timeStep5.png, id=545, 200.75pt x 200.7
5pt>
File: ./figures/multimarginal/EulerT2/EulerT2timeStep5.png Graphic file (type p
ng)
 <use ./figures/multimarginal/EulerT2/EulerT2timeStep5.png>
Package pdftex.def Info: ./figures/multimarginal/EulerT2/EulerT2timeStep5.png u
sed on input line 276.
(pdftex.def)             Requested size: 70.37381pt x 70.37381pt.

<./figures/multimarginal/EulerT2/EulerT2timeStep6.png, id=546, 200.75pt x 200.7
5pt>
File: ./figures/multimarginal/EulerT2/EulerT2timeStep6.png Graphic file (type p
ng)
 <use ./figures/multimarginal/EulerT2/EulerT2timeStep6.png>
Package pdftex.def Info: ./figures/multimarginal/EulerT2/EulerT2timeStep6.png u
sed on input line 283.
(pdftex.def)             Requested size: 70.37381pt x 70.37381pt.

<./figures/multimarginal/EulerT2/EulerT2timeStep7.png, id=547, 200.75pt x 200.7
5pt>
File: ./figures/multimarginal/EulerT2/EulerT2timeStep7.png Graphic file (type p
ng)
 <use ./figures/multimarginal/EulerT2/EulerT2timeStep7.png>
Package pdftex.def Info: ./figures/multimarginal/EulerT2/EulerT2timeStep7.png u
sed on input line 283.
(pdftex.def)             Requested size: 70.37381pt x 70.37381pt.

<./figures/multimarginal/EulerT2/EulerT2timeStep8.png, id=548, 200.75pt x 200.7
5pt>
File: ./figures/multimarginal/EulerT2/EulerT2timeStep8.png Graphic file (type p
ng)
 <use ./figures/multimarginal/EulerT2/EulerT2timeStep8.png>
Package pdftex.def Info: ./figures/multimarginal/EulerT2/EulerT2timeStep8.png u
sed on input line 283.
(pdftex.def)             Requested size: 70.37381pt x 70.37381pt.

<./figures/multimarginal/EulerT2/EulerT2timeStep9.png, id=549, 200.75pt x 200.7
5pt>
File: ./figures/multimarginal/EulerT2/EulerT2timeStep9.png Graphic file (type p
ng)
 <use ./figures/multimarginal/EulerT2/EulerT2timeStep9.png>
Package pdftex.def Info: ./figures/multimarginal/EulerT2/EulerT2timeStep9.png u
sed on input line 283.
(pdftex.def)             Requested size: 70.37381pt x 70.37381pt.


LaTeX Warning: `!h' float specifier changed to `!ht'.


<./figures/multimarginal/EulerT3/EulerT3timeStep1.png, id=552, 200.75pt x 200.7
5pt>
File: ./figures/multimarginal/EulerT3/EulerT3timeStep1.png Graphic file (type p
ng)
 <use ./figures/multimarginal/EulerT3/EulerT3timeStep1.png>
Package pdftex.def Info: ./figures/multimarginal/EulerT3/EulerT3timeStep1.png u
sed on input line 301.
(pdftex.def)             Requested size: 70.37381pt x 70.37381pt.

<./figures/multimarginal/EulerT3/EulerT3timeStep2.png, id=553, 200.75pt x 200.7
5pt>
File: ./figures/multimarginal/EulerT3/EulerT3timeStep2.png Graphic file (type p
ng)
 <use ./figures/multimarginal/EulerT3/EulerT3timeStep2.png>
Package pdftex.def Info: ./figures/multimarginal/EulerT3/EulerT3timeStep2.png u
sed on input line 301.
(pdftex.def)             Requested size: 70.37381pt x 70.37381pt.

<./figures/multimarginal/EulerT3/EulerT3timeStep3.png, id=554, 200.75pt x 200.7
5pt>
File: ./figures/multimarginal/EulerT3/EulerT3timeStep3.png Graphic file (type p
ng)
 <use ./figures/multimarginal/EulerT3/EulerT3timeStep3.png>
Package pdftex.def Info: ./figures/multimarginal/EulerT3/EulerT3timeStep3.png u
sed on input line 301.
(pdftex.def)             Requested size: 70.37381pt x 70.37381pt.

<./figures/multimarginal/EulerT3/EulerT3timeStep4.png, id=555, 200.75pt x 200.7
5pt>
File: ./figures/multimarginal/EulerT3/EulerT3timeStep4.png Graphic file (type p
ng)
 <use ./figures/multimarginal/EulerT3/EulerT3timeStep4.png>
Package pdftex.def Info: ./figures/multimarginal/EulerT3/EulerT3timeStep4.png u
sed on input line 301.
(pdftex.def)             Requested size: 70.37381pt x 70.37381pt.

<./figures/multimarginal/EulerT3/EulerT3timeStep5.png, id=556, 200.75pt x 200.7
5pt>
File: ./figures/multimarginal/EulerT3/EulerT3timeStep5.png Graphic file (type p
ng)
 <use ./figures/multimarginal/EulerT3/EulerT3timeStep5.png>
Package pdftex.def Info: ./figures/multimarginal/EulerT3/EulerT3timeStep5.png u
sed on input line 301.
(pdftex.def)             Requested size: 70.37381pt x 70.37381pt.

<./figures/multimarginal/EulerT3/EulerT3timeStep6.png, id=557, 200.75pt x 200.7
5pt>
File: ./figures/multimarginal/EulerT3/EulerT3timeStep6.png Graphic file (type p
ng)
 <use ./figures/multimarginal/EulerT3/EulerT3timeStep6.png>
Package pdftex.def Info: ./figures/multimarginal/EulerT3/EulerT3timeStep6.png u
sed on input line 308.
(pdftex.def)             Requested size: 70.37381pt x 70.37381pt.

<./figures/multimarginal/EulerT3/EulerT3timeStep7.png, id=558, 200.75pt x 200.7
5pt>
File: ./figures/multimarginal/EulerT3/EulerT3timeStep7.png Graphic file (type p
ng)
 <use ./figures/multimarginal/EulerT3/EulerT3timeStep7.png>
Package pdftex.def Info: ./figures/multimarginal/EulerT3/EulerT3timeStep7.png u
sed on input line 308.
(pdftex.def)             Requested size: 70.37381pt x 70.37381pt.

<./figures/multimarginal/EulerT3/EulerT3timeStep8.png, id=559, 200.75pt x 200.7
5pt>
File: ./figures/multimarginal/EulerT3/EulerT3timeStep8.png Graphic file (type p
ng)
 <use ./figures/multimarginal/EulerT3/EulerT3timeStep8.png>
Package pdftex.def Info: ./figures/multimarginal/EulerT3/EulerT3timeStep8.png u
sed on input line 308.
(pdftex.def)             Requested size: 70.37381pt x 70.37381pt.

<./figures/multimarginal/EulerT3/EulerT3timeStep9.png, id=560, 200.75pt x 200.7
5pt>
File: ./figures/multimarginal/EulerT3/EulerT3timeStep9.png Graphic file (type p
ng)
 <use ./figures/multimarginal/EulerT3/EulerT3timeStep9.png>
Package pdftex.def Info: ./figures/multimarginal/EulerT3/EulerT3timeStep9.png u
sed on input line 308.
(pdftex.def)             Requested size: 70.37381pt x 70.37381pt.


LaTeX Warning: `!h' float specifier changed to `!ht'.

) (./sections/sec-unbalanced-ot.tex [20 <./figures/multimarginal/EulerT1/EulerT
1timeStep1.png> <./figures/multimarginal/EulerT1/EulerT1timeStep2.png> <./figur
es/multimarginal/EulerT1/EulerT1timeStep3.png> <./figures/multimarginal/EulerT1
/EulerT1timeStep4.png> <./figures/multimarginal/EulerT1/EulerT1timeStep5.png> <
./figures/multimarginal/EulerT1/EulerT1timeStep6.png> <./figures/multimarginal/
EulerT1/EulerT1timeStep7.png> <./figures/multimarginal/EulerT1/EulerT1timeStep8
.png> <./figures/multimarginal/EulerT1/EulerT1timeStep9.png>]

LaTeX Font Warning: Command \tiny invalid in math mode on input line 44.


Underfull \vbox (badness 1496) has occurred while \output is active []

 [21 <./figures/multimarginal/EulerT2/EulerT2timeStep1.png> <./figures/multimar
ginal/EulerT2/EulerT2timeStep2.png> <./figures/multimarginal/EulerT2/EulerT2tim
eStep3.png> <./figures/multimarginal/EulerT2/EulerT2timeStep4.png> <./figures/m
ultimarginal/EulerT2/EulerT2timeStep5.png> <./figures/multimarginal/EulerT2/Eul
erT2timeStep6.png> <./figures/multimarginal/EulerT2/EulerT2timeStep7.png> <./fi
gures/multimarginal/EulerT2/EulerT2timeStep8.png> <./figures/multimarginal/Eule
rT2/EulerT2timeStep9.png> <./figures/multimarginal/EulerT3/EulerT3timeStep1.png
> <./figures/multimarginal/EulerT3/EulerT3timeStep2.png> <./figures/multimargin
al/EulerT3/EulerT3timeStep3.png> <./figures/multimarginal/EulerT3/EulerT3timeSt
ep4.png> <./figures/multimarginal/EulerT3/EulerT3timeStep5.png (PNG copy)> <./f
igures/multimarginal/EulerT3/EulerT3timeStep6.png> <./figures/multimarginal/Eul
erT3/EulerT3timeStep7.png> <./figures/multimarginal/EulerT3/EulerT3timeStep8.pn
g> <./figures/multimarginal/EulerT3/EulerT3timeStep9.png>]
<./figures/partial/PartialEllipse.png, id=586, 150.5625pt x 150.5625pt>
File: ./figures/partial/PartialEllipse.png Graphic file (type png)

<use ./figures/partial/PartialEllipse.png>
Package pdftex.def Info: ./figures/partial/PartialEllipse.png used on input lin
e 90.
(pdftex.def)             Requested size: 111.11624pt x 111.12042pt.

<./figures/partial/PartialAnnulusEllipse.png, id=587, 150.5625pt x 150.5625pt>
File: ./figures/partial/PartialAnnulusEllipse.png Graphic file (type png)

<use ./figures/partial/PartialAnnulusEllipse.png>
Package pdftex.def Info: ./figures/partial/PartialAnnulusEllipse.png used on in
put line 91.
(pdftex.def)             Requested size: 111.11624pt x 111.12042pt.

<./figures/partial/PartialAnnulusDiamond.png, id=588, 150.5625pt x 150.5625pt>
File: ./figures/partial/PartialAnnulusDiamond.png Graphic file (type png)

<use ./figures/partial/PartialAnnulusDiamond.png>
Package pdftex.def Info: ./figures/partial/PartialAnnulusDiamond.png used on in
put line 92.
(pdftex.def)             Requested size: 111.11624pt x 111.12042pt.
 [22 <./figures/partial/PartialEllipse.png (PNG copy)> <./figures/partial/Parti
alAnnulusEllipse.png (PNG copy)> <./figures/partial/PartialAnnulusDiamond.png>]


LaTeX Font Warning: Command \tiny invalid in math mode on input line 144.

<./figures/capacity/Constrained15.png, id=603, 200.75pt x 200.75pt>
File: ./figures/capacity/Constrained15.png Graphic file (type png)

<use ./figures/capacity/Constrained15.png>
Package pdftex.def Info: ./figures/capacity/Constrained15.png used on input lin
e 165.
(pdftex.def)             Requested size: 103.70699pt x 103.71056pt.

<./figures/capacity/Constrained3.png, id=604, 200.75pt x 200.75pt>
File: ./figures/capacity/Constrained3.png Graphic file (type png)

<use ./figures/capacity/Constrained3.png>
Package pdftex.def Info: ./figures/capacity/Constrained3.png used on input line
 165.
(pdftex.def)             Requested size: 103.70699pt x 103.71056pt.

<./figures/capacity/Constrained2.png, id=605, 200.75pt x 200.75pt>
File: ./figures/capacity/Constrained2.png Graphic file (type png)

<use ./figures/capacity/Constrained2.png>
Package pdftex.def Info: ./figures/capacity/Constrained2.png used on input line
 165.
(pdftex.def)             Requested size: 103.70699pt x 103.71056pt.

<./figures/capacity/Constrained2D151.png, id=606, 49.18375pt x 49.18375pt>
File: ./figures/capacity/Constrained2D151.png Graphic file (type png)

<use ./figures/capacity/Constrained2D151.png>
Package pdftex.def Info: ./figures/capacity/Constrained2D151.png used on input 
line 188.
(pdftex.def)             Requested size: 103.70699pt x 103.71515pt.

<./figures/capacity/Constrained2D152.png, id=607, 49.18375pt x 49.18375pt>
File: ./figures/capacity/Constrained2D152.png Graphic file (type png)

<use ./figures/capacity/Constrained2D152.png>
Package pdftex.def Info: ./figures/capacity/Constrained2D152.png used on input 
line 188.
(pdftex.def)             Requested size: 103.70699pt x 103.71515pt.

<./figures/capacity/Constrained2D153.png, id=608, 49.18375pt x 49.18375pt>
File: ./figures/capacity/Constrained2D153.png Graphic file (type png)

<use ./figures/capacity/Constrained2D153.png>
Package pdftex.def Info: ./figures/capacity/Constrained2D153.png used on input 
line 188.
(pdftex.def)             Requested size: 103.70699pt x 103.71515pt.

<./figures/capacity/Constrained2D31.png, id=609, 49.18375pt x 49.18375pt>
File: ./figures/capacity/Constrained2D31.png Graphic file (type png)

<use ./figures/capacity/Constrained2D31.png>
Package pdftex.def Info: ./figures/capacity/Constrained2D31.png used on input l
ine 188.
(pdftex.def)             Requested size: 103.70699pt x 103.71515pt.

<./figures/capacity/Constrained2D32.png, id=610, 49.18375pt x 49.18375pt>
File: ./figures/capacity/Constrained2D32.png Graphic file (type png)

<use ./figures/capacity/Constrained2D32.png>
Package pdftex.def Info: ./figures/capacity/Constrained2D32.png used on input l
ine 188.
(pdftex.def)             Requested size: 103.70699pt x 103.71515pt.

<./figures/capacity/Constrained2D33.png, id=611, 49.18375pt x 49.18375pt>
File: ./figures/capacity/Constrained2D33.png Graphic file (type png)

<use ./figures/capacity/Constrained2D33.png>
Package pdftex.def Info: ./figures/capacity/Constrained2D33.png used on input l
ine 188.
(pdftex.def)             Requested size: 103.70699pt x 103.71515pt.
 [23 <./figures/capacity/Constrained15.png> <./figures/capacity/Constrained3.pn
g> <./figures/capacity/Constrained2.png>] [24 <./figures/capacity/Constrained2D
151.png> <./figures/capacity/Constrained2D152.png> <./figures/capacity/Constrai
ned2D153.png> <./figures/capacity/Constrained2D31.png> <./figures/capacity/Cons
trained2D32.png> <./figures/capacity/Constrained2D33.png>]

LaTeX Font Warning: Command \tiny invalid in math mode on input line 250.


<./figures/multimarginal/PartialMultimarginal/PartialAnnulusDiamondSquare.png, 
id=641, 60.225pt x 60.225pt>
File: ./figures/multimarginal/PartialMultimarginal/PartialAnnulusDiamondSquare.
png Graphic file (type png)

<use ./figures/multimarginal/PartialMultimarginal/PartialAnnulusDiamondSquare.p
ng>
Package pdftex.def Info: ./figures/multimarginal/PartialMultimarginal/PartialAn
nulusDiamondSquare.png used on input line 288.
(pdftex.def)             Requested size: 148.15123pt x 148.16545pt.
) (./sections/sec-conclusion.tex) [25 <./figures/multimarginal/PartialMultimarg
inal/PartialAnnulusDiamondSquare.png>] (./KL-Projections.bbl [26]
Underfull \vbox (badness 10000) has occurred while \output is active []

 [27]
Underfull \vbox (badness 10000) has occurred while \output is active []

 [28])
Package atveryend Info: Empty hook `BeforeClearDocument' on input line 79.

[29]
Package atveryend Info: Empty hook `AfterLastShipout' on input line 79.
 (./KL-Projections.aux

Package natbib Warning: Citation(s) may have changed.
(natbib)                Rerun to get citations correct.

)
Package atveryend Info: Executing hook `AtVeryEndDocument' on input line 79.
Package atveryend Info: Executing hook `AtEndAfterFileList' on input line 79.
Package rerunfilecheck Info: File `KL-Projections.out' has not changed.
(rerunfilecheck)             Checksum: D41D8CD98F00B204E9800998ECF8427E;0.
Package atveryend Info: Empty hook `AtVeryVeryEnd' on input line 79.
 ) 
Here is how much of TeX's memory you used:
 9367 strings out of 493014
 146912 string characters out of 6133351
 236940 words of memory out of 5000000
 12479 multiletter control sequences out of 15000+600000
 13666 words of font info for 55 fonts, out of 8000000 for 9000
 1141 hyphenation exceptions out of 8191
 51i,15n,49p,2220b,654s stack positions out of 5000i,500n,10000p,200000b,80000s
</usr/local/texlive/2016/texmf-dist/fonts/type1/public/amsfonts/cm/cmbx10.pfb
></usr/local/texlive/2016/texmf-dist/fonts/type1/public/amsfonts/cm/cmbx8.pfb><
/usr/local/texlive/2016/texmf-dist/fonts/type1/public/amsfonts/cm/cmcsc10.pfb><
/usr/local/texlive/2016/texmf-dist/fonts/type1/public/amsfonts/cm/cmex10.pfb></
usr/local/texlive/2016/texmf-dist/fonts/type1/public/amsfonts/cm/cmmi10.pfb></u
sr/local/texlive/2016/texmf-dist/fonts/type1/public/amsfonts/cm/cmmi5.pfb></usr
/local/texlive/2016/texmf-dist/fonts/type1/public/amsfonts/cm/cmmi7.pfb></usr/l
ocal/texlive/2016/texmf-dist/fonts/type1/public/amsfonts/cm/cmmib10.pfb></usr/l
ocal/texlive/2016/texmf-dist/fonts/type1/public/amsfonts/cm/cmr10.pfb></usr/loc
al/texlive/2016/texmf-dist/fonts/type1/public/amsfonts/cm/cmr5.pfb></usr/local/
texlive/2016/texmf-dist/fonts/type1/public/amsfonts/cm/cmr6.pfb></usr/local/tex
live/2016/texmf-dist/fonts/type1/public/amsfonts/cm/cmr7.pfb></usr/local/texliv
e/2016/texmf-dist/fonts/type1/public/amsfonts/cm/cmr8.pfb></usr/local/texlive/2
016/texmf-dist/fonts/type1/public/amsfonts/cm/cmsy10.pfb></usr/local/texlive/20
16/texmf-dist/fonts/type1/public/amsfonts/cm/cmsy5.pfb></usr/local/texlive/2016
/texmf-dist/fonts/type1/public/amsfonts/cm/cmsy6.pfb></usr/local/texlive/2016/t
exmf-dist/fonts/type1/public/amsfonts/cm/cmsy7.pfb></usr/local/texlive/2016/tex
mf-dist/fonts/type1/public/amsfonts/cm/cmti10.pfb></usr/local/texlive/2016/texm
f-dist/fonts/type1/public/amsfonts/cm/cmti7.pfb></usr/local/texlive/2016/texmf-
dist/fonts/type1/public/amsfonts/cm/cmtt10.pfb></usr/local/texlive/2016/texmf-d
ist/fonts/type1/public/amsfonts/cm/cmtt8.pfb></usr/local/texlive/2016/texmf-dis
t/fonts/type1/public/doublestroke/dsrom10.pfb></usr/local/texlive/2016/texmf-di
st/fonts/type1/public/amsfonts/symbols/msam10.pfb></usr/local/texlive/2016/texm
f-dist/fonts/type1/public/amsfonts/symbols/msam7.pfb></usr/local/texlive/2016/t
exmf-dist/fonts/type1/public/amsfonts/symbols/msbm10.pfb></usr/local/texlive/20
16/texmf-dist/fonts/type1/public/amsfonts/symbols/msbm7.pfb>
Output written on KL-Projections.pdf (29 pages, 1570842 bytes).
PDF statistics:
 790 PDF objects out of 1000 (max. 8388607)
 606 compressed objects within 7 object streams
 176 named destinations out of 1000 (max. 500000)
 346 words of extra memory for PDF output out of 10000 (max. 10000000)

